Using pre-set license
Built from '2021.3/staging' branch; Version is '2021.3.16f1 (4016570cf34f) revision 4200023'; Using compiler version '192829333'; Build Type 'Release'
OS: 'Windows 11  (10.0.22621) 64bit Core' Language: 'fr' Physical Memory: 32405 MB
BatchMode: 1, IsHumanControllingUs: 0, StartBugReporterOnCrash: 0, Is64bit: 1, IsPro: 1

COMMAND LINE ARGUMENTS:
C:\Program Files\Unity\Hub\Editor\2021.3.16f1\Editor\Unity.exe
-adb2
-batchMode
-noUpm
-name
AssetImportWorker0
-projectPath
C:/Users/scene/OneDrive/Bureau/E-Artsup/Projet Game Jam/Evolandi/Evolandi Unity
-logFile
Logs/AssetImportWorker0.log
-srvPort
53982
Successfully changed project path to: C:/Users/scene/OneDrive/Bureau/E-Artsup/Projet Game Jam/Evolandi/Evolandi Unity
C:/Users/scene/OneDrive/Bureau/E-Artsup/Projet Game Jam/Evolandi/Evolandi Unity
[UnityMemory] Configuration Parameters - Can be set up in boot.config
    "memorysetup-bucket-allocator-granularity=16"
    "memorysetup-bucket-allocator-bucket-count=8"
    "memorysetup-bucket-allocator-block-size=33554432"
    "memorysetup-bucket-allocator-block-count=8"
    "memorysetup-main-allocator-block-size=16777216"
    "memorysetup-thread-allocator-block-size=16777216"
    "memorysetup-gfx-main-allocator-block-size=16777216"
    "memorysetup-gfx-thread-allocator-block-size=16777216"
    "memorysetup-cache-allocator-block-size=4194304"
    "memorysetup-typetree-allocator-block-size=2097152"
    "memorysetup-profiler-bucket-allocator-granularity=16"
    "memorysetup-profiler-bucket-allocator-bucket-count=8"
    "memorysetup-profiler-bucket-allocator-block-size=33554432"
    "memorysetup-profiler-bucket-allocator-block-count=8"
    "memorysetup-profiler-allocator-block-size=16777216"
    "memorysetup-profiler-editor-allocator-block-size=1048576"
    "memorysetup-temp-allocator-size-main=16777216"
    "memorysetup-job-temp-allocator-block-size=2097152"
    "memorysetup-job-temp-allocator-block-size-background=1048576"
    "memorysetup-job-temp-allocator-reduction-small-platforms=262144"
    "memorysetup-temp-allocator-size-background-worker=32768"
    "memorysetup-temp-allocator-size-job-worker=262144"
    "memorysetup-temp-allocator-size-preload-manager=33554432"
    "memorysetup-temp-allocator-size-nav-mesh-worker=65536"
    "memorysetup-temp-allocator-size-audio-worker=65536"
    "memorysetup-temp-allocator-size-cloud-worker=32768"
    "memorysetup-temp-allocator-size-gi-baking-worker=262144"
    "memorysetup-temp-allocator-size-gfx=262144"
Player connection [16184] Host "[IP] 10.15.175.182 [Port] 0 [Flags] 2 [Guid] 3028234510 [EditorId] 3028234510 [Version] 1048832 [Id] WindowsEditor(7,Pc_Ilan) [Debug] 1 [PackageName] WindowsEditor [ProjectName] Editor" joined multi-casting on [225.0.0.222:54997]...

Player connection [16184] Host "[IP] 10.15.175.182 [Port] 0 [Flags] 2 [Guid] 3028234510 [EditorId] 3028234510 [Version] 1048832 [Id] WindowsEditor(7,Pc_Ilan) [Debug] 1 [PackageName] WindowsEditor [ProjectName] Editor" joined alternative multi-casting on [225.0.0.222:34997]...

Refreshing native plugins compatible for Editor in 72.39 ms, found 4 plugins.
Preloading 0 native plugins for Editor in 0.00 ms.
Initialize engine version: 2021.3.16f1 (4016570cf34f)
[Subsystems] Discovering subsystems at path C:/Program Files/Unity/Hub/Editor/2021.3.16f1/Editor/Data/Resources/UnitySubsystems
[Subsystems] Discovering subsystems at path C:/Users/scene/OneDrive/Bureau/E-Artsup/Projet Game Jam/Evolandi/Evolandi Unity/Assets
GfxDevice: creating device client; threaded=0; jobified=0
Direct3D:
    Version:  Direct3D 11.0 [level 11.1]
    Renderer: NVIDIA GeForce RTX 3070 Laptop GPU (ID=0x249d)
    Vendor:   NVIDIA
    VRAM:     8044 MB
    Driver:   30.0.15.1278
Initialize mono
Mono path[0] = 'C:/Program Files/Unity/Hub/Editor/2021.3.16f1/Editor/Data/Managed'
Mono path[1] = 'C:/Program Files/Unity/Hub/Editor/2021.3.16f1/Editor/Data/MonoBleedingEdge/lib/mono/unityjit-win32'
Mono config path = 'C:/Program Files/Unity/Hub/Editor/2021.3.16f1/Editor/Data/MonoBleedingEdge/etc'
Using monoOptions --debugger-agent=transport=dt_socket,embedding=1,server=y,suspend=n,address=127.0.0.1:56592
Begin MonoManager ReloadAssembly
Registering precompiled unity dll's ...
Register platform support module: C:/Program Files/Unity/Hub/Editor/2021.3.16f1/Editor/Data/PlaybackEngines/WindowsStandaloneSupport/UnityEditor.WindowsStandalone.Extensions.dll
Registered in 0.004382 seconds.
Native extension for WindowsStandalone target not found
Refreshing native plugins compatible for Editor in 66.66 ms, found 4 plugins.
Preloading 0 native plugins for Editor in 0.00 ms.
Mono: successfully reloaded assembly
- Completed reload, in  0.471 seconds
Domain Reload Profiling:
	ReloadAssembly (471ms)
		BeginReloadAssembly (58ms)
			ExecutionOrderSort (0ms)
			DisableScriptedObjects (0ms)
			BackupInstance (0ms)
			ReleaseScriptingObjects (0ms)
			CreateAndSetChildDomain (0ms)
		EndReloadAssembly (331ms)
			LoadAssemblies (57ms)
			RebuildTransferFunctionScriptingTraits (0ms)
			SetupTypeCache (72ms)
			ReleaseScriptCaches (0ms)
			RebuildScriptCaches (20ms)
			SetupLoadedEditorAssemblies (202ms)
				LogAssemblyErrors (0ms)
				InitializePlatformSupportModulesInManaged (5ms)
				SetLoadedEditorAssemblies (0ms)
				RefreshPlugins (67ms)
				BeforeProcessingInitializeOnLoad (1ms)
				ProcessInitializeOnLoadAttributes (97ms)
				ProcessInitializeOnLoadMethodAttributes (32ms)
				AfterProcessingInitializeOnLoad (0ms)
				EditorAssembliesLoaded (0ms)
			ExecutionOrderSort2 (0ms)
			AwakeInstancesAfterBackupRestoration (0ms)
Platform modules already initialized, skipping
Registering precompiled user dll's ...
Registered in 0.008294 seconds.
Begin MonoManager ReloadAssembly
Symbol file LoadedFromMemory doesn't match image C:\Users\scene\OneDrive\Bureau\E-Artsup\Projet Game Jam\Evolandi\Evolandi Unity\Library\PackageCache\com.unity.visualscripting@1.7.8\Editor\VisualScripting.Core\Dependencies\YamlDotNet\Unity.VisualScripting.YamlDotNet.dll
Symbol file LoadedFromMemory doesn't match image C:\Users\scene\OneDrive\Bureau\E-Artsup\Projet Game Jam\Evolandi\Evolandi Unity\Library\PackageCache\com.unity.visualscripting@1.7.8\Editor\VisualScripting.Core\Dependencies\DotNetZip\Unity.VisualScripting.IonicZip.dll
Native extension for WindowsStandalone target not found
Refreshing native plugins compatible for Editor in 69.42 ms, found 4 plugins.
Preloading 0 native plugins for Editor in 0.00 ms.
Mono: successfully reloaded assembly
- Completed reload, in  0.975 seconds
Domain Reload Profiling:
	ReloadAssembly (975ms)
		BeginReloadAssembly (100ms)
			ExecutionOrderSort (0ms)
			DisableScriptedObjects (6ms)
			BackupInstance (0ms)
			ReleaseScriptingObjects (0ms)
			CreateAndSetChildDomain (17ms)
		EndReloadAssembly (763ms)
			LoadAssemblies (88ms)
			RebuildTransferFunctionScriptingTraits (0ms)
			SetupTypeCache (202ms)
			ReleaseScriptCaches (1ms)
			RebuildScriptCaches (42ms)
			SetupLoadedEditorAssemblies (392ms)
				LogAssemblyErrors (0ms)
				InitializePlatformSupportModulesInManaged (3ms)
				SetLoadedEditorAssemblies (0ms)
				RefreshPlugins (69ms)
				BeforeProcessingInitializeOnLoad (84ms)
				ProcessInitializeOnLoadAttributes (177ms)
				ProcessInitializeOnLoadMethodAttributes (48ms)
				AfterProcessingInitializeOnLoad (10ms)
				EditorAssembliesLoaded (0ms)
			ExecutionOrderSort2 (0ms)
			AwakeInstancesAfterBackupRestoration (8ms)
Platform modules already initialized, skipping
========================================================================
Worker process is ready to serve import requests
Launched and connected shader compiler UnityShaderCompiler.exe after 0.09 seconds
Refreshing native plugins compatible for Editor in 0.60 ms, found 4 plugins.
Preloading 0 native plugins for Editor in 0.00 ms.
Unloading 4048 Unused Serialized files (Serialized files now loaded: 0)
Unloading 38 unused Assets / (56.5 KB). Loaded Objects now: 4504.
Memory consumption went from 152.0 MB to 152.0 MB.
Total: 2.992600 ms (FindLiveObjects: 0.236700 ms CreateObjectMapping: 0.099400 ms MarkObjects: 2.586500 ms  DeleteObjects: 0.069300 ms)

AssetImportParameters requested are different than current active one (requested -> active):
  custom:video-decoder-ogg-theora: a1e56fd34408186e4bbccfd4996cb3dc -> 
  custom:container-muxer-webm: aa71ff27fc2769a1b78a27578f13a17b -> 
  custom:container-demuxer-webm: 4f35f7cbe854078d1ac9338744f61a02 -> 
  custom:video-encoder-webm-vp8: eb34c28f22e8b96e1ab97ce403110664 -> 
  custom:video-codec-MediaFoundation-h265: 746d11721c4dcdbdad8f713fa42b33f4 -> 
  custom:audio-encoder-webm-vorbis: bf7c407c2cedff20999df2af8eb42d56 -> 
  custom:framework-win-MediaFoundation: 216162199b28c13a410421893ffa2e32 -> 
  custom:container-demuxer-ogg: 62fdf1f143b41e24485cea50d1cbac27 -> 
  custom:video-decoder-webm-vp8: 9c59270c3fd7afecdb556c50c9e8de78 -> 
  custom:audio-decoder-ogg-vorbis: bf7c407c2cedff20999df2af8eb42d56 -> 
========================================================================
Received Import Request.
  Time since last request: 100685.488714 seconds.
  path: Assets/ASPRITE FILES/Walls.prefab
  artifactKey: Guid(3fa8525e825652946a131f483329f302) Importer(815301076,1909f56bfc062723c751e8b465ee728b)
Start importing Assets/ASPRITE FILES/Walls.prefab using Guid(3fa8525e825652946a131f483329f302) Importer(815301076,1909f56bfc062723c751e8b465ee728b)  -> (artifact id: '7b3823bf2d2e8d982e19a7570969ddb6') in 0.098112 seconds 
========================================================================
Received Import Request.
  Time since last request: 4.384036 seconds.
  path: Assets/ASPRITE FILES/Evolandi intérieur.asset
  artifactKey: Guid(f9a985882414fec49be1de340c225d54) Importer(815301076,1909f56bfc062723c751e8b465ee728b)
Start importing Assets/ASPRITE FILES/Evolandi intérieur.asset using Guid(f9a985882414fec49be1de340c225d54) Importer(815301076,1909f56bfc062723c751e8b465ee728b)  -> (artifact id: 'e2782a3831406286ad4bfda1ccf46902') in 0.016099 seconds 
========================================================================
Received Import Request.
  Time since last request: 147.372231 seconds.
  path: Assets/ASPRITE FILES/Evolandi intérieur.png
  artifactKey: Guid(f85ca31fc631d9247a42db1de3884286) Importer(815301076,1909f56bfc062723c751e8b465ee728b)
Start importing Assets/ASPRITE FILES/Evolandi intérieur.png using Guid(f85ca31fc631d9247a42db1de3884286) Importer(815301076,1909f56bfc062723c751e8b465ee728b)  -> (artifact id: '6519c3316181682bb52483ba6bd7a1cb') in 0.020826 seconds 
========================================================================
Received Import Request.
  Time since last request: 39.487526 seconds.
  path: Assets/ASPRITE FILES/Evolandi intérieur.png
  artifactKey: Guid(f85ca31fc631d9247a42db1de3884286) Importer(815301076,1909f56bfc062723c751e8b465ee728b)
Start importing Assets/ASPRITE FILES/Evolandi intérieur.png using Guid(f85ca31fc631d9247a42db1de3884286) Importer(815301076,1909f56bfc062723c751e8b465ee728b)  -> (artifact id: '103375a6d5420362be61532e92931dc9') in 0.009900 seconds 
========================================================================
Received Import Request.
  Time since last request: 67.293183 seconds.
  path: Assets/ASPRITE FILES/Evolandi intérieur.png
  artifactKey: Guid(f85ca31fc631d9247a42db1de3884286) Importer(815301076,1909f56bfc062723c751e8b465ee728b)
Start importing Assets/ASPRITE FILES/Evolandi intérieur.png using Guid(f85ca31fc631d9247a42db1de3884286) Importer(815301076,1909f56bfc062723c751e8b465ee728b)  -> (artifact id: '608b62cd72c9367b6d3f3c37733ebafb') in 0.033590 seconds 
========================================================================
Received Import Request.
  Time since last request: 19.418047 seconds.
  path: Assets/ASPRITE FILES/Walls.prefab
  artifactKey: Guid(3fa8525e825652946a131f483329f302) Importer(815301076,1909f56bfc062723c751e8b465ee728b)
Start importing Assets/ASPRITE FILES/Walls.prefab using Guid(3fa8525e825652946a131f483329f302) Importer(815301076,1909f56bfc062723c751e8b465ee728b)  -> (artifact id: '6f1b625e7c9cefbdc1e6122d5238f0af') in 0.011469 seconds 
========================================================================
Received Import Request.
  Time since last request: 5.761040 seconds.
  path: Assets/ASPRITE FILES/Evolandi intérieur_0.asset
  artifactKey: Guid(60c603fc35e22574cbc15df4931f8c7b) Importer(815301076,1909f56bfc062723c751e8b465ee728b)
Start importing Assets/ASPRITE FILES/Evolandi intérieur_0.asset using Guid(60c603fc35e22574cbc15df4931f8c7b) Importer(815301076,1909f56bfc062723c751e8b465ee728b)  -> (artifact id: 'c796dd7746cf20fc804136281f27616b') in 0.012275 seconds 
========================================================================
Received Import Request.
  Time since last request: 0.006887 seconds.
  path: Assets/ASPRITE FILES/Evolandi intérieur_3.asset
  artifactKey: Guid(f556cda64baae5a468e1d98598875f63) Importer(815301076,1909f56bfc062723c751e8b465ee728b)
Start importing Assets/ASPRITE FILES/Evolandi intérieur_3.asset using Guid(f556cda64baae5a468e1d98598875f63) Importer(815301076,1909f56bfc062723c751e8b465ee728b)  -> (artifact id: '3d33d773fba2b9c8aed2d6e85061d0aa') in 0.009714 seconds 
========================================================================
Received Import Request.
  Time since last request: 0.009335 seconds.
  path: Assets/ASPRITE FILES/Evolandi intérieur_7.asset
  artifactKey: Guid(5ba13fe1846292440b956f0ddcdb9611) Importer(815301076,1909f56bfc062723c751e8b465ee728b)
Start importing Assets/ASPRITE FILES/Evolandi intérieur_7.asset using Guid(5ba13fe1846292440b956f0ddcdb9611) Importer(815301076,1909f56bfc062723c751e8b465ee728b)  -> (artifact id: 'eb09673ed682839ca9988060187e133b') in 0.015521 seconds 
========================================================================
Received Import Request.
  Time since last request: 0.000021 seconds.
  path: Assets/ASPRITE FILES/Walls.prefab
  artifactKey: Guid(3fa8525e825652946a131f483329f302) Importer(815301076,1909f56bfc062723c751e8b465ee728b)
Start importing Assets/ASPRITE FILES/Walls.prefab using Guid(3fa8525e825652946a131f483329f302) Importer(815301076,1909f56bfc062723c751e8b465ee728b)  -> (artifact id: 'a2a4cad54bdd769bd007791460786195') in 0.022751 seconds 
========================================================================
Received Import Request.
  Time since last request: 0.000017 seconds.
  path: Assets/ASPRITE FILES/Evolandi intérieur_9.asset
  artifactKey: Guid(43717c12cd64a4c489bddc9e752b827b) Importer(815301076,1909f56bfc062723c751e8b465ee728b)
Start importing Assets/ASPRITE FILES/Evolandi intérieur_9.asset using Guid(43717c12cd64a4c489bddc9e752b827b) Importer(815301076,1909f56bfc062723c751e8b465ee728b)  -> (artifact id: 'b7d81d820ba3cd4d411bb8a7208b0049') in 0.017940 seconds 
========================================================================
Received Import Request.
  Time since last request: 0.000026 seconds.
  path: Assets/ASPRITE FILES/Evolandi intérieur_6.asset
  artifactKey: Guid(ed45fb5593e65684caa3c7e17aa38696) Importer(815301076,1909f56bfc062723c751e8b465ee728b)
Start importing Assets/ASPRITE FILES/Evolandi intérieur_6.asset using Guid(ed45fb5593e65684caa3c7e17aa38696) Importer(815301076,1909f56bfc062723c751e8b465ee728b)  -> (artifact id: 'b7d58246ef8336ce4359f7188893c3f8') in 0.010066 seconds 
========================================================================
Received Import Request.
  Time since last request: 0.000033 seconds.
  path: Assets/ASPRITE FILES/Evolandi intérieur_8.asset
  artifactKey: Guid(23c78723ed11cef41a8eef88909a2d70) Importer(815301076,1909f56bfc062723c751e8b465ee728b)
Start importing Assets/ASPRITE FILES/Evolandi intérieur_8.asset using Guid(23c78723ed11cef41a8eef88909a2d70) Importer(815301076,1909f56bfc062723c751e8b465ee728b)  -> (artifact id: '0a4a122b28096ffbcc4125cd619b08b0') in 0.012125 seconds 
========================================================================
Received Import Request.
  Time since last request: 0.000025 seconds.
  path: Assets/ASPRITE FILES/Evolandi intérieur_13.asset
  artifactKey: Guid(de743f5c7f0bff84aa8db7e94b0ae140) Importer(815301076,1909f56bfc062723c751e8b465ee728b)
Start importing Assets/ASPRITE FILES/Evolandi intérieur_13.asset using Guid(de743f5c7f0bff84aa8db7e94b0ae140) Importer(815301076,1909f56bfc062723c751e8b465ee728b)  -> (artifact id: 'a389230f60ba757ccb554c875e533cfd') in 0.011415 seconds 
Editor requested this worker to shutdown with reason: Scaling down because of idle timeout
AssetImportWorker is now disconnected from the server
Process exiting
Exiting without the bug reporter. Application will terminate with return code 0