Using pre-set license
Built from '2021.3/staging' branch; Version is '2021.3.16f1 (4016570cf34f) revision 4200023'; Using compiler version '192829333'; Build Type 'Release'
OS: 'Windows 11  (10.0.22621) 64bit Core' Language: 'fr' Physical Memory: 32405 MB
BatchMode: 1, IsHumanControllingUs: 0, StartBugReporterOnCrash: 0, Is64bit: 1, IsPro: 1

COMMAND LINE ARGUMENTS:
C:\Program Files\Unity\Hub\Editor\2021.3.16f1\Editor\Unity.exe
-adb2
-batchMode
-noUpm
-name
AssetImportWorker1
-projectPath
C:/Users/scene/OneDrive/Bureau/E-Artsup/Projet Game Jam/Evolandi/Evolandi Unity
-logFile
Logs/AssetImportWorker1.log
-srvPort
53982
Successfully changed project path to: C:/Users/scene/OneDrive/Bureau/E-Artsup/Projet Game Jam/Evolandi/Evolandi Unity
C:/Users/scene/OneDrive/Bureau/E-Artsup/Projet Game Jam/Evolandi/Evolandi Unity
[UnityMemory] Configuration Parameters - Can be set up in boot.config
    "memorysetup-bucket-allocator-granularity=16"
    "memorysetup-bucket-allocator-bucket-count=8"
    "memorysetup-bucket-allocator-block-size=33554432"
    "memorysetup-bucket-allocator-block-count=8"
    "memorysetup-main-allocator-block-size=16777216"
    "memorysetup-thread-allocator-block-size=16777216"
    "memorysetup-gfx-main-allocator-block-size=16777216"
    "memorysetup-gfx-thread-allocator-block-size=16777216"
    "memorysetup-cache-allocator-block-size=4194304"
    "memorysetup-typetree-allocator-block-size=2097152"
    "memorysetup-profiler-bucket-allocator-granularity=16"
    "memorysetup-profiler-bucket-allocator-bucket-count=8"
    "memorysetup-profiler-bucket-allocator-block-size=33554432"
    "memorysetup-profiler-bucket-allocator-block-count=8"
    "memorysetup-profiler-allocator-block-size=16777216"
    "memorysetup-profiler-editor-allocator-block-size=1048576"
    "memorysetup-temp-allocator-size-main=16777216"
    "memorysetup-job-temp-allocator-block-size=2097152"
    "memorysetup-job-temp-allocator-block-size-background=1048576"
    "memorysetup-job-temp-allocator-reduction-small-platforms=262144"
    "memorysetup-temp-allocator-size-background-worker=32768"
    "memorysetup-temp-allocator-size-job-worker=262144"
    "memorysetup-temp-allocator-size-preload-manager=33554432"
    "memorysetup-temp-allocator-size-nav-mesh-worker=65536"
    "memorysetup-temp-allocator-size-audio-worker=65536"
    "memorysetup-temp-allocator-size-cloud-worker=32768"
    "memorysetup-temp-allocator-size-gi-baking-worker=262144"
    "memorysetup-temp-allocator-size-gfx=262144"
Player connection [18832] Host "[IP] 10.15.175.182 [Port] 0 [Flags] 2 [Guid] 1241678021 [EditorId] 1241678021 [Version] 1048832 [Id] WindowsEditor(7,Pc_Ilan) [Debug] 1 [PackageName] WindowsEditor [ProjectName] Editor" joined multi-casting on [225.0.0.222:54997]...

Player connection [18832] Host "[IP] 10.15.175.182 [Port] 0 [Flags] 2 [Guid] 1241678021 [EditorId] 1241678021 [Version] 1048832 [Id] WindowsEditor(7,Pc_Ilan) [Debug] 1 [PackageName] WindowsEditor [ProjectName] Editor" joined alternative multi-casting on [225.0.0.222:34997]...

Refreshing native plugins compatible for Editor in 86.04 ms, found 4 plugins.
Preloading 0 native plugins for Editor in 0.00 ms.
Initialize engine version: 2021.3.16f1 (4016570cf34f)
[Subsystems] Discovering subsystems at path C:/Program Files/Unity/Hub/Editor/2021.3.16f1/Editor/Data/Resources/UnitySubsystems
[Subsystems] Discovering subsystems at path C:/Users/scene/OneDrive/Bureau/E-Artsup/Projet Game Jam/Evolandi/Evolandi Unity/Assets
GfxDevice: creating device client; threaded=0; jobified=0
Direct3D:
    Version:  Direct3D 11.0 [level 11.1]
    Renderer: NVIDIA GeForce RTX 3070 Laptop GPU (ID=0x249d)
    Vendor:   NVIDIA
    VRAM:     8044 MB
    Driver:   30.0.15.1278
Initialize mono
Mono path[0] = 'C:/Program Files/Unity/Hub/Editor/2021.3.16f1/Editor/Data/Managed'
Mono path[1] = 'C:/Program Files/Unity/Hub/Editor/2021.3.16f1/Editor/Data/MonoBleedingEdge/lib/mono/unityjit-win32'
Mono config path = 'C:/Program Files/Unity/Hub/Editor/2021.3.16f1/Editor/Data/MonoBleedingEdge/etc'
Using monoOptions --debugger-agent=transport=dt_socket,embedding=1,server=y,suspend=n,address=127.0.0.1:56960
Begin MonoManager ReloadAssembly
Registering precompiled unity dll's ...
Register platform support module: C:/Program Files/Unity/Hub/Editor/2021.3.16f1/Editor/Data/PlaybackEngines/WindowsStandaloneSupport/UnityEditor.WindowsStandalone.Extensions.dll
Registered in 0.006950 seconds.
Native extension for WindowsStandalone target not found
Refreshing native plugins compatible for Editor in 93.15 ms, found 4 plugins.
Preloading 0 native plugins for Editor in 0.00 ms.
Mono: successfully reloaded assembly
- Completed reload, in  0.529 seconds
Domain Reload Profiling:
	ReloadAssembly (529ms)
		BeginReloadAssembly (61ms)
			ExecutionOrderSort (0ms)
			DisableScriptedObjects (0ms)
			BackupInstance (0ms)
			ReleaseScriptingObjects (0ms)
			CreateAndSetChildDomain (1ms)
		EndReloadAssembly (370ms)
			LoadAssemblies (59ms)
			RebuildTransferFunctionScriptingTraits (0ms)
			SetupTypeCache (73ms)
			ReleaseScriptCaches (0ms)
			RebuildScriptCaches (21ms)
			SetupLoadedEditorAssemblies (237ms)
				LogAssemblyErrors (0ms)
				InitializePlatformSupportModulesInManaged (8ms)
				SetLoadedEditorAssemblies (0ms)
				RefreshPlugins (93ms)
				BeforeProcessingInitializeOnLoad (1ms)
				ProcessInitializeOnLoadAttributes (99ms)
				ProcessInitializeOnLoadMethodAttributes (36ms)
				AfterProcessingInitializeOnLoad (0ms)
				EditorAssembliesLoaded (0ms)
			ExecutionOrderSort2 (0ms)
			AwakeInstancesAfterBackupRestoration (0ms)
Platform modules already initialized, skipping
Registering precompiled user dll's ...
Registered in 0.009265 seconds.
Begin MonoManager ReloadAssembly
Symbol file LoadedFromMemory doesn't match image C:\Users\scene\OneDrive\Bureau\E-Artsup\Projet Game Jam\Evolandi\Evolandi Unity\Library\PackageCache\com.unity.visualscripting@1.7.8\Editor\VisualScripting.Core\Dependencies\YamlDotNet\Unity.VisualScripting.YamlDotNet.dll
Symbol file LoadedFromMemory doesn't match image C:\Users\scene\OneDrive\Bureau\E-Artsup\Projet Game Jam\Evolandi\Evolandi Unity\Library\PackageCache\com.unity.visualscripting@1.7.8\Editor\VisualScripting.Core\Dependencies\DotNetZip\Unity.VisualScripting.IonicZip.dll
Native extension for WindowsStandalone target not found
Refreshing native plugins compatible for Editor in 70.58 ms, found 4 plugins.
Preloading 0 native plugins for Editor in 0.00 ms.
Mono: successfully reloaded assembly
- Completed reload, in  0.980 seconds
Domain Reload Profiling:
	ReloadAssembly (980ms)
		BeginReloadAssembly (88ms)
			ExecutionOrderSort (0ms)
			DisableScriptedObjects (4ms)
			BackupInstance (0ms)
			ReleaseScriptingObjects (0ms)
			CreateAndSetChildDomain (16ms)
		EndReloadAssembly (809ms)
			LoadAssemblies (74ms)
			RebuildTransferFunctionScriptingTraits (0ms)
			SetupTypeCache (243ms)
			ReleaseScriptCaches (1ms)
			RebuildScriptCaches (45ms)
			SetupLoadedEditorAssemblies (399ms)
				LogAssemblyErrors (0ms)
				InitializePlatformSupportModulesInManaged (4ms)
				SetLoadedEditorAssemblies (0ms)
				RefreshPlugins (71ms)
				BeforeProcessingInitializeOnLoad (82ms)
				ProcessInitializeOnLoadAttributes (197ms)
				ProcessInitializeOnLoadMethodAttributes (37ms)
				AfterProcessingInitializeOnLoad (8ms)
				EditorAssembliesLoaded (0ms)
			ExecutionOrderSort2 (0ms)
			AwakeInstancesAfterBackupRestoration (6ms)
Platform modules already initialized, skipping
========================================================================
Worker process is ready to serve import requests
Launched and connected shader compiler UnityShaderCompiler.exe after 0.06 seconds
Refreshing native plugins compatible for Editor in 0.62 ms, found 4 plugins.
Preloading 0 native plugins for Editor in 0.00 ms.
Unloading 4048 Unused Serialized files (Serialized files now loaded: 0)
Unloading 38 unused Assets / (56.5 KB). Loaded Objects now: 4504.
Memory consumption went from 152.0 MB to 152.0 MB.
Total: 2.985900 ms (FindLiveObjects: 0.234300 ms CreateObjectMapping: 0.096900 ms MarkObjects: 2.594000 ms  DeleteObjects: 0.060100 ms)

AssetImportParameters requested are different than current active one (requested -> active):
  custom:video-decoder-ogg-theora: a1e56fd34408186e4bbccfd4996cb3dc -> 
  custom:container-muxer-webm: aa71ff27fc2769a1b78a27578f13a17b -> 
  custom:container-demuxer-webm: 4f35f7cbe854078d1ac9338744f61a02 -> 
  custom:video-encoder-webm-vp8: eb34c28f22e8b96e1ab97ce403110664 -> 
  custom:video-codec-MediaFoundation-h265: 746d11721c4dcdbdad8f713fa42b33f4 -> 
  custom:audio-encoder-webm-vorbis: bf7c407c2cedff20999df2af8eb42d56 -> 
  custom:framework-win-MediaFoundation: 216162199b28c13a410421893ffa2e32 -> 
  custom:container-demuxer-ogg: 62fdf1f143b41e24485cea50d1cbac27 -> 
  custom:video-decoder-webm-vp8: 9c59270c3fd7afecdb556c50c9e8de78 -> 
  custom:audio-decoder-ogg-vorbis: bf7c407c2cedff20999df2af8eb42d56 -> 
========================================================================
Received Import Request.
  Time since last request: 100689.977957 seconds.
  path: Assets/ASPRITE FILES/Walls.prefab
  artifactKey: Guid(3fa8525e825652946a131f483329f302) Importer(815301076,1909f56bfc062723c751e8b465ee728b)
Start importing Assets/ASPRITE FILES/Walls.prefab using Guid(3fa8525e825652946a131f483329f302) Importer(815301076,1909f56bfc062723c751e8b465ee728b)  -> (artifact id: '19334fd1057853998dd89f27c06eee58') in 0.120400 seconds 
========================================================================
Received Import Request.
  Time since last request: 279.326804 seconds.
  path: Assets/ASPRITE FILES/Evolandi intérieur_1.asset
  artifactKey: Guid(d0182364ee369154685b97cb0129d5d5) Importer(815301076,1909f56bfc062723c751e8b465ee728b)
Start importing Assets/ASPRITE FILES/Evolandi intérieur_1.asset using Guid(d0182364ee369154685b97cb0129d5d5) Importer(815301076,1909f56bfc062723c751e8b465ee728b)  -> (artifact id: '733d0019bfb0176749ea46b14f9254f5') in 0.018246 seconds 
========================================================================
Received Import Request.
  Time since last request: 0.000024 seconds.
  path: Assets/ASPRITE FILES/Evolandi intérieur_4.asset
  artifactKey: Guid(a9bb07ffd9bf38e49a2dc629f8598feb) Importer(815301076,1909f56bfc062723c751e8b465ee728b)
Start importing Assets/ASPRITE FILES/Evolandi intérieur_4.asset using Guid(a9bb07ffd9bf38e49a2dc629f8598feb) Importer(815301076,1909f56bfc062723c751e8b465ee728b)  -> (artifact id: '555e98e83ace37a09be499ff0f37830f') in 0.009856 seconds 
========================================================================
Received Import Request.
  Time since last request: 0.008766 seconds.
  path: Assets/ASPRITE FILES/Evolandi intérieur_5.asset
  artifactKey: Guid(83de50ee424523841b4958243dfed623) Importer(815301076,1909f56bfc062723c751e8b465ee728b)
Start importing Assets/ASPRITE FILES/Evolandi intérieur_5.asset using Guid(83de50ee424523841b4958243dfed623) Importer(815301076,1909f56bfc062723c751e8b465ee728b)  -> (artifact id: 'ae92b25d0cbd972d718c70a989350734') in 0.015044 seconds 
========================================================================
Received Import Request.
  Time since last request: 0.000027 seconds.
  path: Assets/ASPRITE FILES/Evolandi intérieur_11.asset
  artifactKey: Guid(8a4fbe4c849826345829bb6bff89c9a7) Importer(815301076,1909f56bfc062723c751e8b465ee728b)
Start importing Assets/ASPRITE FILES/Evolandi intérieur_11.asset using Guid(8a4fbe4c849826345829bb6bff89c9a7) Importer(815301076,1909f56bfc062723c751e8b465ee728b)  -> (artifact id: '6bdea814d40c84d97170c68eeafe74a6') in 0.012039 seconds 
========================================================================
Received Import Request.
  Time since last request: 0.000026 seconds.
  path: Assets/ASPRITE FILES/Evolandi intérieur_14.asset
  artifactKey: Guid(4fe256559a71664478a42bcf1bb62b5a) Importer(815301076,1909f56bfc062723c751e8b465ee728b)
Start importing Assets/ASPRITE FILES/Evolandi intérieur_14.asset using Guid(4fe256559a71664478a42bcf1bb62b5a) Importer(815301076,1909f56bfc062723c751e8b465ee728b)  -> (artifact id: 'a66d1d43a4928d5934ca751f046f43f9') in 0.014302 seconds 
========================================================================
Received Import Request.
  Time since last request: 0.000022 seconds.
  path: Assets/ASPRITE FILES/Evolandi intérieur_10.asset
  artifactKey: Guid(2959d0a2beeef58419f06761a852a07f) Importer(815301076,1909f56bfc062723c751e8b465ee728b)
Start importing Assets/ASPRITE FILES/Evolandi intérieur_10.asset using Guid(2959d0a2beeef58419f06761a852a07f) Importer(815301076,1909f56bfc062723c751e8b465ee728b)  -> (artifact id: 'adfe69feea9636a59044080cf93261f0') in 0.011993 seconds 
========================================================================
Received Import Request.
  Time since last request: 0.000025 seconds.
  path: Assets/ASPRITE FILES/Evolandi intérieur_2.asset
  artifactKey: Guid(216e3913b868a9148b700d557e0ebfd6) Importer(815301076,1909f56bfc062723c751e8b465ee728b)
Start importing Assets/ASPRITE FILES/Evolandi intérieur_2.asset using Guid(216e3913b868a9148b700d557e0ebfd6) Importer(815301076,1909f56bfc062723c751e8b465ee728b)  -> (artifact id: '7bdaa3b876fdc8caa43276b6a268d324') in 0.011104 seconds 
========================================================================
Received Import Request.
  Time since last request: 0.000034 seconds.
  path: Assets/ASPRITE FILES/Evolandi intérieur_12.asset
  artifactKey: Guid(2c1d5f72ad2fdae4780a17ed1d8712b7) Importer(815301076,1909f56bfc062723c751e8b465ee728b)
Start importing Assets/ASPRITE FILES/Evolandi intérieur_12.asset using Guid(2c1d5f72ad2fdae4780a17ed1d8712b7) Importer(815301076,1909f56bfc062723c751e8b465ee728b)  -> (artifact id: 'bd5eb46dc5362f9ad644bc6f8e75d0ef') in 0.010362 seconds 
Editor requested this worker to shutdown with reason: Scaling down because of idle timeout
AssetImportWorker is now disconnected from the server
Process exiting
Exiting without the bug reporter. Application will terminate with return code 0